CASE #1: CAB
CASE #2: MJA
CASE #3: OCDE
CASE #4: BBAAA
CASE #5: CCCABBBAB
CASE #6: CCCBAABAB
CASE #7: ZXCASDQWE
CASE #8: MMCEFHIALKJGDBA
CASE #9: CCCCCBBBBBAAAAA
CASE #10: CCCCCBABBBAAABA
CASE #11: CCCCCBBBBBAAAAA
CASE #12: ONMGADEFBHIJKLC
CASE #13: CCCCBABABBAAAAB
CASE #14: MMDFJALKIHGECBA
CASE #15: CBA
CASE #16: A
CASE #17: ZACBA
CASE #18: Z
CASE #19: BA
CASE #20: ONJILMBCDGFAHKE
CASE #21: CCCCCCCCBABAAAA
CASE #22: OLCIHKEGBFMNJDA
CASE #23: CCCCCCCCBAAAAAA
CASE #24: ZZNJHFSBHFJTJJN
CASE #25: CCCCCCBABABBBBB
CASE #26: CCCCCBBBBAAAABA
CASE #27: OANLKIBHGFMDCEJ
CASE #28: BAA
CASE #29: ZEDCBAYXWU
CASE #30: CCCCABBBBBBABBB
CASE #31: CCCCCCBBBBBAABA
CASE #32: BAAA
CASE #33: BBB
CASE #34: MMLKJIHGDCBAEFA
CASE #35: BBBBBBBBAAAAAAA
CASE #36: MMIFDCALKJHGEBA
CASE #37: CBA
CASE #38: BBA
CASE #39: CBBBAAAABBABB
CASE #40: BAAA
CASE #41: CCCABABBBABBAAA
CASE #42: BAAA
CASE #43: YWPRPMQMDFTVXMT
CASE #44: CCCCAABABAABABB
CASE #45: CCBBBAAAAAAAA
CASE #46: BBA
CASE #47: YXQQPPMMLNBBQSX
CASE #48: OMDCABGHNJKLEIF
CASE #49: AAA
CASE #50: RRBAACADABA
CASE #51: CCCBABABBBBBAAA
CASE #52: ZAYBXCWDUE
CASE #53: CCCCCBBBBBAAAAA
CASE #54: BA
CASE #55: CAB
CASE #56: ZABYCXDWEU
CASE #57: DCCCBBBBBBBAB
CASE #58: ZDABC
CASE #59: ZDCBA
CASE #60: OMHBIJKNDFEGCLA
CASE #61: DDCBAAAABBCAB
CASE #62: DCBBBAAAAAAAAA
CASE #63: BAA
CASE #64: ONMBDCFAGLJKEHI
CASE #65: MMALECABDFGHIJK
CASE #66: DCCBAAAAABABA
CASE #67: CBA
CASE #68: BB
CASE #69: CBA
CASE #70: BAA
CASE #71: CCBBAABABBBBBAA
CASE #72: BBA
CASE #73: AA
CASE #74: DDDCCCBBAAAAB
CASE #75: CCCCCBBBBAAAAAB
CASE #76: CCCCCBBBBBAAAAA
CASE #77: ZABCD
CASE #78: BAAA
CASE #79: CCCCCBBBBABAAAA
CASE #80: ZYSBNQTVFFJVNFF
CASE #81: ONMJLKBHGFEDCIA
CASE #82: CCCBAAAAAAABA
CASE #83: CCCCCAAABBBABAB
CASE #84: ONMACHDFJEIBLKG
CASE #85: CCCCCBBBBAAAAAB
CASE #86: CCCCCBBBBBBBABB
CASE #87: CCCCCBBAAABBAAA
CASE #88: CCCBAAAAAAAAA
CASE #89: OHAFMJGIBKCELND
CASE #90: ZVPPFRDMRTMXPGJ
CASE #91: MMLAIHEDCABFGJK
CASE #92: CCCCCCBBBAAABBB
CASE #93: ZADBC
CASE #94: CCCCBBBBBAABAAB
CASE #95: CCCCCAAAAABBBBB
CASE #96: BBBBBAAAAAAAA
CASE #97: ZAAAA
CASE #98: CCBAAAAAAAABA
CASE #99: CCCCCBBBBAAAABA
CASE #100: CBBBBBBAAAABAAB
